05-01-2023 13:46:29.792 [35m[restartedMain][0;39m [34mINFO [0;39m c.m.n.work.master.MasterApplication.logStarting - Starting MasterApplication using Java 17.0.5 with PID 60673 (/Users/metis/nopaper/BitBucket/backend/nopaperwork-backend/master/target/classes started by metis in /Users/metis/nopaper/BitBucket/backend/nopaperwork-backend/master)
05-01-2023 13:46:29.793 [35m[restartedMain][0;39m [34mINFO [0;39m c.m.n.work.master.MasterApplication.logStartupProfileInfo - No active profile set, falling back to 1 default profile: "default"
05-01-2023 13:46:29.855 [35m[restartedMain][0;39m [34mINFO [0;39m o.s.d.r.c.RepositoryConfigurationDelegate.multipleStoresDetected - Multiple Spring Data modules found, entering strict repository configuration mode
05-01-2023 13:46:29.855 [35m[restartedMain][0;39m [34mINFO [0;39m o.s.d.r.c.RepositoryConfigurationDelegate.registerRepositoriesIn - Bootstrapping Spring Data JPA repositories in DEFAULT mode.
05-01-2023 13:46:29.862 [35m[restartedMain][0;39m [34mINFO [0;39m o.s.d.r.c.RepositoryConfigurationDelegate.registerRepositoriesIn - Finished Spring Data repository scanning in 3 ms. Found 1 JPA repository interfaces.
05-01-2023 13:46:29.864 [35m[restartedMain][0;39m [34mINFO [0;39m o.s.d.r.c.RepositoryConfigurationDelegate.multipleStoresDetected - Multiple Spring Data modules found, entering strict repository configuration mode
05-01-2023 13:46:29.864 [35m[restartedMain][0;39m [34mINFO [0;39m o.s.d.r.c.RepositoryConfigurationDelegate.registerRepositoriesIn - Bootstrapping Spring Data Redis repositories in DEFAULT mode.
05-01-2023 13:46:29.871 [35m[restartedMain][0;39m [34mINFO [0;39m o.s.d.r.c.RepositoryConfigurationExtensionSupport.isStrictRepositoryCandidate - Spring Data Redis - Could not safely identify store assignment for repository candidate interface com.metis.nopaper.work.master.models.repositories.StateRepository; If you want this repository to be a Redis repository, consider annotating your entities with one of these annotations: org.springframework.data.redis.core.RedisHash (preferred), or consider extending one of the following types with your repository: org.springframework.data.keyvalue.repository.KeyValueRepository
05-01-2023 13:46:29.872 [35m[restartedMain][0;39m [34mINFO [0;39m o.s.d.r.c.RepositoryConfigurationDelegate.registerRepositoriesIn - Finished Spring Data repository scanning in 7 ms. Found 0 Redis repository interfaces.
05-01-2023 13:46:29.903 [35m[restartedMain][0;39m [34mINFO [0;39m o.s.b.w.e.tomcat.TomcatWebServer.initialize - Tomcat initialized with port(s): 8091 (http)
05-01-2023 13:46:29.903 [35m[restartedMain][0;39m [34mINFO [0;39m o.a.catalina.core.StandardService.log - Starting service [Tomcat]
05-01-2023 13:46:29.903 [35m[restartedMain][0;39m [34mINFO [0;39m o.a.catalina.core.StandardEngine.log - Starting Servlet engine: [Apache Tomcat/10.1.1]
05-01-2023 13:46:29.909 [35m[restartedMain][0;39m [34mINFO [0;39m o.a.c.c.C.[.[localhost].[/master].log - Initializing Spring embedded WebApplicationContext
05-01-2023 13:46:29.910 [35m[restartedMain][0;39m [34mINFO [0;39m o.s.b.w.s.c.ServletWebServerApplicationContext.prepareWebApplicationContext - Root WebApplicationContext: initialization completed in 116 ms
05-01-2023 13:46:29.928 [35m[restartedMain][0;39m [34mINFO [0;39m o.h.jpa.internal.util.LogHelper.logPersistenceUnitInformation - HHH000204: Processing PersistenceUnitInfo [name: default]
05-01-2023 13:46:29.929 [35m[restartedMain][0;39m [31mWARN [0;39m org.hibernate.orm.deprecation.lambda$new$1 - HHH90000021: Encountered deprecated setting [javax.persistence.sharedCache.mode], use [jakarta.persistence.sharedCache.mode] instead
05-01-2023 13:46:29.930 [35m[restartedMain][0;39m [34mINFO [0;39m com.zaxxer.hikari.HikariDataSource.getConnection - HikariPool-2 - Starting...
05-01-2023 13:46:30.277 [35m[restartedMain][0;39m [34mINFO [0;39m com.zaxxer.hikari.pool.HikariPool.checkFailFast - HikariPool-2 - Added connection org.postgresql.jdbc.PgConnection@1d32de0e
05-01-2023 13:46:30.277 [35m[restartedMain][0;39m [34mINFO [0;39m com.zaxxer.hikari.HikariDataSource.getConnection - HikariPool-2 - Start completed.
05-01-2023 13:46:30.316 [35m[restartedMain][0;39m [34mINFO [0;39m SQL dialect.logSelectedDialect - HHH000400: Using dialect: org.hibernate.dialect.PostgreSQLDialect
05-01-2023 13:46:30.416 [35m[restartedMain][0;39m [31mWARN [0;39m org.hibernate.orm.deprecation.determineJpaScriptActionSetting - HHH90000021: Encountered deprecated setting [javax.persistence.schema-generation.scripts.action], use [jakarta.persistence.schema-generation.scripts.action] instead
05-01-2023 13:46:30.418 [35m[restartedMain][0;39m [34mINFO [0;39m o.h.e.t.j.p.i.JtaPlatformInitiator.initiateService - HHH000490: Using JtaPlatform implementation: [org.hibernate.engine.transaction.jta.platform.internal.NoJtaPlatform]
05-01-2023 13:46:30.418 [35m[restartedMain][0;39m [34mINFO [0;39m o.s.o.j.LocalContainerEntityManagerFactoryBean.buildNativeEntityManagerFactory - Initialized JPA EntityManagerFactory for persistence unit 'default'
05-01-2023 13:46:30.429 [35m[restartedMain][0;39m [31mWARN [0;39m o.s.b.a.o.j.JpaBaseConfiguration$JpaWebConfiguration.openEntityManagerInViewInterceptor - spring.jpa.open-in-view is enabled by default. Therefore, database queries may be performed during view rendering. Explicitly configure spring.jpa.open-in-view to disable this warning
05-01-2023 13:46:30.499 [35m[restartedMain][0;39m [34mINFO [0;39m o.s.b.d.a.OptionalLiveReloadServer.startServer - LiveReload server is running on port 35729
05-01-2023 13:46:30.502 [35m[restartedMain][0;39m [34mINFO [0;39m o.s.b.w.e.tomcat.TomcatWebServer.start - Tomcat started on port(s): 8091 (http) with context path '/master'
05-01-2023 13:46:30.503 [35m[restartedMain][0;39m [34mINFO [0;39m c.m.n.work.master.MasterApplication.logStarted - Started MasterApplication in 0.726 seconds (process running for 55.744)
05-01-2023 13:46:30.505 [35m[restartedMain][0;39m [34mINFO [0;39m o.s.b.d.a.ConditionEvaluationDeltaLoggingListener.onApplicationEvent - Condition evaluation delta:


==========================
CONDITION EVALUATION DELTA
==========================


Positive matches:
-----------------

   WebMvcAutoConfiguration matched:
      - @ConditionalOnClass found required classes 'jakarta.servlet.Servlet', 'org.springframework.web.servlet.DispatcherServlet', 'org.springframework.web.servlet.config.annotation.WebMvcConfigurer' (OnClassCondition)
      - found 'session' scope (OnWebApplicationCondition)
      - @ConditionalOnMissingBean (types: org.springframework.web.servlet.config.annotation.WebMvcConfigurationSupport; SearchStrategy: all) did not find any beans (OnBeanCondition)

   WebMvcAutoConfiguration#formContentFilter matched:
      - @ConditionalOnProperty (spring.mvc.formcontent.filter.enabled) matched (OnPropertyCondition)
      - @ConditionalOnMissingBean (types: org.springframework.web.filter.FormContentFilter; SearchStrategy: all) did not find any beans (OnBeanCondition)

   WebMvcAutoConfiguration.EnableWebMvcConfiguration#flashMapManager matched:
      - @ConditionalOnMissingBean (names: flashMapManager; SearchStrategy: all) did not find any beans (OnBeanCondition)

   WebMvcAutoConfiguration.EnableWebMvcConfiguration#localeResolver matched:
      - @ConditionalOnMissingBean (names: localeResolver; SearchStrategy: all) did not find any beans (OnBeanCondition)

   WebMvcAutoConfiguration.EnableWebMvcConfiguration#themeResolver matched:
      - @ConditionalOnMissingBean (names: themeResolver; SearchStrategy: all) did not find any beans (OnBeanCondition)

   WebMvcAutoConfiguration.WebMvcAutoConfigurationAdapter#defaultViewResolver matched:
      - @ConditionalOnMissingBean (types: org.springframework.web.servlet.view.InternalResourceViewResolver; SearchStrategy: all) did not find any beans (OnBeanCondition)

   WebMvcAutoConfiguration.WebMvcAutoConfigurationAdapter#requestContextFilter matched:
      - @ConditionalOnMissingBean (types: org.springframework.web.context.request.RequestContextListener,org.springframework.web.filter.RequestContextFilter; SearchStrategy: all) did not find any beans (OnBeanCondition)

   WebMvcAutoConfiguration.WebMvcAutoConfigurationAdapter#viewResolver matched:
      - @ConditionalOnBean (types: org.springframework.web.servlet.ViewResolver; SearchStrategy: all) found beans 'defaultViewResolver', 'beanNameViewResolver', 'mvcViewResolver'; @ConditionalOnMissingBean (names: viewResolver types: org.springframework.web.servlet.view.ContentNegotiatingViewResolver; SearchStrategy: all) did not find any beans (OnBeanCondition)


Negative matches:
-----------------

   WebMvcAutoConfiguration#hiddenHttpMethodFilter:
      Did not match:
         - @ConditionalOnProperty (spring.mvc.hiddenmethod.filter.enabled) did not find property 'enabled' (OnPropertyCondition)

   WebMvcAutoConfiguration.WebMvcAutoConfigurationAdapter#beanNameViewResolver:
      Did not match:
         - @ConditionalOnMissingBean (types: org.springframework.web.servlet.view.BeanNameViewResolver; SearchStrategy: all) found beans of type 'org.springframework.web.servlet.view.BeanNameViewResolver' beanNameViewResolver (OnBeanCondition)


Exclusions:
-----------

    None


Unconditional classes:
----------------------

    None



05-01-2023 13:46:31.928 [35m[File Watcher][0;39m [34mINFO [0;39m o.s.b.d.a.LocalDevToolsAutoConfiguration$RestartingClassPathChangeChangedEventListener.onApplicationEvent - Restarting due to 90 class path changes (90 additions, 0 deletions, 0 modifications)
05-01-2023 13:46:31.934 [35m[Thread-7][0;39m [34mINFO [0;39m o.a.catalina.core.StandardService.log - Stopping service [Tomcat]
05-01-2023 13:46:31.941 [35m[Thread-7][0;39m [34mINFO [0;39m o.s.o.j.LocalContainerEntityManagerFactoryBean.destroy - Closing JPA EntityManagerFactory for persistence unit 'default'
05-01-2023 13:46:31.942 [35m[Thread-7][0;39m [34mINFO [0;39m com.zaxxer.hikari.HikariDataSource.close - HikariPool-2 - Shutdown initiated...
05-01-2023 13:46:32.216 [35m[Thread-7][0;39m [34mINFO [0;39m com.zaxxer.hikari.HikariDataSource.close - HikariPool-2 - Shutdown completed.
