12-01-2023 01:40:10.258 [35m[background-preinit][0;39m [34mINFO [0;39m o.h.validator.internal.util.Version.<clinit> -  -  - HV000001: Hibernate Validator 8.0.0.Final
12-01-2023 01:40:10.274 [35m[restartedMain][0;39m [34mINFO [0;39m c.m.n.work.master.MasterApplication.logStarting -  -  - Starting MasterApplication using Java 17.0.5 with PID 18588 (/Users/metis/nopaper/BitBucket/backend/nopaperwork-backend/master/target/classes started by metis in /Users/metis/nopaper/BitBucket/backend/nopaperwork-backend/master)
12-01-2023 01:40:10.275 [35m[restartedMain][0;39m [34mINFO [0;39m c.m.n.work.master.MasterApplication.logStartupProfileInfo -  -  - No active profile set, falling back to 1 default profile: "default"
12-01-2023 01:40:10.292 [35m[restartedMain][0;39m [34mINFO [0;39m o.s.b.d.e.DevToolsPropertyDefaultsPostProcessor.logTo -  -  - Devtools property defaults active! Set 'spring.devtools.add-properties' to 'false' to disable
12-01-2023 01:40:10.292 [35m[restartedMain][0;39m [34mINFO [0;39m o.s.b.d.e.DevToolsPropertyDefaultsPostProcessor.logTo -  -  - For additional web related logging consider setting the 'logging.level.web' property to 'DEBUG'
12-01-2023 01:40:10.591 [35m[restartedMain][0;39m [34mINFO [0;39m o.s.d.r.c.RepositoryConfigurationDelegate.multipleStoresDetected -  -  - Multiple Spring Data modules found, entering strict repository configuration mode
12-01-2023 01:40:10.592 [35m[restartedMain][0;39m [34mINFO [0;39m o.s.d.r.c.RepositoryConfigurationDelegate.registerRepositoriesIn -  -  - Bootstrapping Spring Data JPA repositories in DEFAULT mode.
12-01-2023 01:40:10.668 [35m[restartedMain][0;39m [34mINFO [0;39m o.s.d.r.c.RepositoryConfigurationDelegate.registerRepositoriesIn -  -  - Finished Spring Data repository scanning in 73 ms. Found 16 JPA repository interfaces.
12-01-2023 01:40:10.678 [35m[restartedMain][0;39m [34mINFO [0;39m o.s.d.r.c.RepositoryConfigurationDelegate.multipleStoresDetected -  -  - Multiple Spring Data modules found, entering strict repository configuration mode
12-01-2023 01:40:10.679 [35m[restartedMain][0;39m [34mINFO [0;39m o.s.d.r.c.RepositoryConfigurationDelegate.registerRepositoriesIn -  -  - Bootstrapping Spring Data Redis repositories in DEFAULT mode.
12-01-2023 01:40:10.688 [35m[restartedMain][0;39m [34mINFO [0;39m o.s.d.r.c.RepositoryConfigurationExtensionSupport.isStrictRepositoryCandidate -  -  - Spring Data Redis - Could not safely identify store assignment for repository candidate interface com.metis.nopaper.work.master.models.repositories.CategoryRepository; If you want this repository to be a Redis repository, consider annotating your entities with one of these annotations: org.springframework.data.redis.core.RedisHash (preferred), or consider extending one of the following types with your repository: org.springframework.data.keyvalue.repository.KeyValueRepository
12-01-2023 01:40:10.688 [35m[restartedMain][0;39m [34mINFO [0;39m o.s.d.r.c.RepositoryConfigurationExtensionSupport.isStrictRepositoryCandidate -  -  - Spring Data Redis - Could not safely identify store assignment for repository candidate interface com.metis.nopaper.work.master.models.repositories.CityRepository; If you want this repository to be a Redis repository, consider annotating your entities with one of these annotations: org.springframework.data.redis.core.RedisHash (preferred), or consider extending one of the following types with your repository: org.springframework.data.keyvalue.repository.KeyValueRepository
12-01-2023 01:40:10.688 [35m[restartedMain][0;39m [34mINFO [0;39m o.s.d.r.c.RepositoryConfigurationExtensionSupport.isStrictRepositoryCandidate -  -  - Spring Data Redis - Could not safely identify store assignment for repository candidate interface com.metis.nopaper.work.master.models.repositories.CountryRepository; If you want this repository to be a Redis repository, consider annotating your entities with one of these annotations: org.springframework.data.redis.core.RedisHash (preferred), or consider extending one of the following types with your repository: org.springframework.data.keyvalue.repository.KeyValueRepository
12-01-2023 01:40:10.689 [35m[restartedMain][0;39m [34mINFO [0;39m o.s.d.r.c.RepositoryConfigurationExtensionSupport.isStrictRepositoryCandidate -  -  - Spring Data Redis - Could not safely identify store assignment for repository candidate interface com.metis.nopaper.work.master.models.repositories.CurrencyRepository; If you want this repository to be a Redis repository, consider annotating your entities with one of these annotations: org.springframework.data.redis.core.RedisHash (preferred), or consider extending one of the following types with your repository: org.springframework.data.keyvalue.repository.KeyValueRepository
12-01-2023 01:40:10.689 [35m[restartedMain][0;39m [34mINFO [0;39m o.s.d.r.c.RepositoryConfigurationExtensionSupport.isStrictRepositoryCandidate -  -  - Spring Data Redis - Could not safely identify store assignment for repository candidate interface com.metis.nopaper.work.master.models.repositories.DeliveryTermsRepository; If you want this repository to be a Redis repository, consider annotating your entities with one of these annotations: org.springframework.data.redis.core.RedisHash (preferred), or consider extending one of the following types with your repository: org.springframework.data.keyvalue.repository.KeyValueRepository
12-01-2023 01:40:10.689 [35m[restartedMain][0;39m [34mINFO [0;39m o.s.d.r.c.RepositoryConfigurationExtensionSupport.isStrictRepositoryCandidate -  -  - Spring Data Redis - Could not safely identify store assignment for repository candidate interface com.metis.nopaper.work.master.models.repositories.DepartmentRepository; If you want this repository to be a Redis repository, consider annotating your entities with one of these annotations: org.springframework.data.redis.core.RedisHash (preferred), or consider extending one of the following types with your repository: org.springframework.data.keyvalue.repository.KeyValueRepository
12-01-2023 01:40:10.689 [35m[restartedMain][0;39m [34mINFO [0;39m o.s.d.r.c.RepositoryConfigurationExtensionSupport.isStrictRepositoryCandidate -  -  - Spring Data Redis - Could not safely identify store assignment for repository candidate interface com.metis.nopaper.work.master.models.repositories.IndustryTypeRepository; If you want this repository to be a Redis repository, consider annotating your entities with one of these annotations: org.springframework.data.redis.core.RedisHash (preferred), or consider extending one of the following types with your repository: org.springframework.data.keyvalue.repository.KeyValueRepository
12-01-2023 01:40:10.690 [35m[restartedMain][0;39m [34mINFO [0;39m o.s.d.r.c.RepositoryConfigurationExtensionSupport.isStrictRepositoryCandidate -  -  - Spring Data Redis - Could not safely identify store assignment for repository candidate interface com.metis.nopaper.work.master.models.repositories.MarketStrategyRepository; If you want this repository to be a Redis repository, consider annotating your entities with one of these annotations: org.springframework.data.redis.core.RedisHash (preferred), or consider extending one of the following types with your repository: org.springframework.data.keyvalue.repository.KeyValueRepository
12-01-2023 01:40:10.690 [35m[restartedMain][0;39m [34mINFO [0;39m o.s.d.r.c.RepositoryConfigurationExtensionSupport.isStrictRepositoryCandidate -  -  - Spring Data Redis - Could not safely identify store assignment for repository candidate interface com.metis.nopaper.work.master.models.repositories.NatureOfBusinessRepository; If you want this repository to be a Redis repository, consider annotating your entities with one of these annotations: org.springframework.data.redis.core.RedisHash (preferred), or consider extending one of the following types with your repository: org.springframework.data.keyvalue.repository.KeyValueRepository
12-01-2023 01:40:10.690 [35m[restartedMain][0;39m [34mINFO [0;39m o.s.d.r.c.RepositoryConfigurationExtensionSupport.isStrictRepositoryCandidate -  -  - Spring Data Redis - Could not safely identify store assignment for repository candidate interface com.metis.nopaper.work.master.models.repositories.OrganizationTypeRepository; If you want this repository to be a Redis repository, consider annotating your entities with one of these annotations: org.springframework.data.redis.core.RedisHash (preferred), or consider extending one of the following types with your repository: org.springframework.data.keyvalue.repository.KeyValueRepository
12-01-2023 01:40:10.691 [35m[restartedMain][0;39m [34mINFO [0;39m o.s.d.r.c.RepositoryConfigurationExtensionSupport.isStrictRepositoryCandidate -  -  - Spring Data Redis - Could not safely identify store assignment for repository candidate interface com.metis.nopaper.work.master.models.repositories.ProductRepository; If you want this repository to be a Redis repository, consider annotating your entities with one of these annotations: org.springframework.data.redis.core.RedisHash (preferred), or consider extending one of the following types with your repository: org.springframework.data.keyvalue.repository.KeyValueRepository
12-01-2023 01:40:10.691 [35m[restartedMain][0;39m [34mINFO [0;39m o.s.d.r.c.RepositoryConfigurationExtensionSupport.isStrictRepositoryCandidate -  -  - Spring Data Redis - Could not safely identify store assignment for repository candidate interface com.metis.nopaper.work.master.models.repositories.ProductSpecificationRepository; If you want this repository to be a Redis repository, consider annotating your entities with one of these annotations: org.springframework.data.redis.core.RedisHash (preferred), or consider extending one of the following types with your repository: org.springframework.data.keyvalue.repository.KeyValueRepository
12-01-2023 01:40:10.691 [35m[restartedMain][0;39m [34mINFO [0;39m o.s.d.r.c.RepositoryConfigurationExtensionSupport.isStrictRepositoryCandidate -  -  - Spring Data Redis - Could not safely identify store assignment for repository candidate interface com.metis.nopaper.work.master.models.repositories.StateRepository; If you want this repository to be a Redis repository, consider annotating your entities with one of these annotations: org.springframework.data.redis.core.RedisHash (preferred), or consider extending one of the following types with your repository: org.springframework.data.keyvalue.repository.KeyValueRepository
12-01-2023 01:40:10.692 [35m[restartedMain][0;39m [34mINFO [0;39m o.s.d.r.c.RepositoryConfigurationExtensionSupport.isStrictRepositoryCandidate -  -  - Spring Data Redis - Could not safely identify store assignment for repository candidate interface com.metis.nopaper.work.master.models.repositories.SubCategoryRepository; If you want this repository to be a Redis repository, consider annotating your entities with one of these annotations: org.springframework.data.redis.core.RedisHash (preferred), or consider extending one of the following types with your repository: org.springframework.data.keyvalue.repository.KeyValueRepository
12-01-2023 01:40:10.692 [35m[restartedMain][0;39m [34mINFO [0;39m o.s.d.r.c.RepositoryConfigurationExtensionSupport.isStrictRepositoryCandidate -  -  - Spring Data Redis - Could not safely identify store assignment for repository candidate interface com.metis.nopaper.work.master.models.repositories.TimeZoneRepository; If you want this repository to be a Redis repository, consider annotating your entities with one of these annotations: org.springframework.data.redis.core.RedisHash (preferred), or consider extending one of the following types with your repository: org.springframework.data.keyvalue.repository.KeyValueRepository
12-01-2023 01:40:10.693 [35m[restartedMain][0;39m [34mINFO [0;39m o.s.d.r.c.RepositoryConfigurationExtensionSupport.isStrictRepositoryCandidate -  -  - Spring Data Redis - Could not safely identify store assignment for repository candidate interface com.metis.nopaper.work.master.models.repositories.UnitRepository; If you want this repository to be a Redis repository, consider annotating your entities with one of these annotations: org.springframework.data.redis.core.RedisHash (preferred), or consider extending one of the following types with your repository: org.springframework.data.keyvalue.repository.KeyValueRepository
12-01-2023 01:40:10.693 [35m[restartedMain][0;39m [34mINFO [0;39m o.s.d.r.c.RepositoryConfigurationDelegate.registerRepositoriesIn -  -  - Finished Spring Data repository scanning in 11 ms. Found 0 Redis repository interfaces.
12-01-2023 01:40:10.929 [35m[restartedMain][0;39m [34mINFO [0;39m o.s.b.w.e.tomcat.TomcatWebServer.initialize -  -  - Tomcat initialized with port(s): 8091 (http)
12-01-2023 01:40:10.932 [35m[restartedMain][0;39m [34mINFO [0;39m o.a.coyote.http11.Http11NioProtocol.log -  -  - Initializing ProtocolHandler ["http-nio-8091"]
12-01-2023 01:40:10.933 [35m[restartedMain][0;39m [34mINFO [0;39m o.a.catalina.core.StandardService.log -  -  - Starting service [Tomcat]
12-01-2023 01:40:10.933 [35m[restartedMain][0;39m [34mINFO [0;39m o.a.catalina.core.StandardEngine.log -  -  - Starting Servlet engine: [Apache Tomcat/10.1.1]
12-01-2023 01:40:10.953 [35m[restartedMain][0;39m [34mINFO [0;39m o.a.c.c.C.[.[localhost].[/master].log -  -  - Initializing Spring embedded WebApplicationContext
12-01-2023 01:40:10.953 [35m[restartedMain][0;39m [34mINFO [0;39m o.s.b.w.s.c.ServletWebServerApplicationContext.prepareWebApplicationContext -  -  - Root WebApplicationContext: initialization completed in 660 ms
12-01-2023 01:40:11.016 [35m[restartedMain][0;39m [34mINFO [0;39m o.h.jpa.internal.util.LogHelper.logPersistenceUnitInformation -  -  - HHH000204: Processing PersistenceUnitInfo [name: default]
12-01-2023 01:40:11.031 [35m[restartedMain][0;39m [34mINFO [0;39m org.hibernate.Version.logVersion -  -  - HHH000412: Hibernate ORM core version 6.1.5.Final
12-01-2023 01:40:11.083 [35m[restartedMain][0;39m [31mWARN [0;39m org.hibernate.orm.deprecation.lambda$new$1 -  -  - HHH90000021: Encountered deprecated setting [javax.persistence.sharedCache.mode], use [jakarta.persistence.sharedCache.mode] instead
12-01-2023 01:40:11.121 [35m[restartedMain][0;39m [34mINFO [0;39m com.zaxxer.hikari.HikariDataSource.getConnection -  -  - HikariPool-1 - Starting...
12-01-2023 01:40:11.557 [35m[restartedMain][0;39m [34mINFO [0;39m com.zaxxer.hikari.pool.HikariPool.checkFailFast -  -  - HikariPool-1 - Added connection org.postgresql.jdbc.PgConnection@79f7ba13
12-01-2023 01:40:11.558 [35m[restartedMain][0;39m [34mINFO [0;39m com.zaxxer.hikari.HikariDataSource.getConnection -  -  - HikariPool-1 - Start completed.
12-01-2023 01:40:11.606 [35m[restartedMain][0;39m [34mINFO [0;39m SQL dialect.logSelectedDialect -  -  - HHH000400: Using dialect: org.hibernate.dialect.PostgreSQLDialect
12-01-2023 01:40:12.045 [35m[restartedMain][0;39m [31mWARN [0;39m org.hibernate.orm.deprecation.determineJpaScriptActionSetting -  -  - HHH90000021: Encountered deprecated setting [javax.persistence.schema-generation.scripts.action], use [jakarta.persistence.schema-generation.scripts.action] instead
12-01-2023 01:40:12.056 [35m[restartedMain][0;39m [34mINFO [0;39m o.h.e.t.j.p.i.JtaPlatformInitiator.initiateService -  -  - HHH000490: Using JtaPlatform implementation: [org.hibernate.engine.transaction.jta.platform.internal.NoJtaPlatform]
12-01-2023 01:40:12.060 [35m[restartedMain][0;39m [34mINFO [0;39m o.s.o.j.LocalContainerEntityManagerFactoryBean.buildNativeEntityManagerFactory -  -  - Initialized JPA EntityManagerFactory for persistence unit 'default'
12-01-2023 01:40:12.538 [35m[restartedMain][0;39m [31mWARN [0;39m o.s.b.a.o.j.JpaBaseConfiguration$JpaWebConfiguration.openEntityManagerInViewInterceptor -  -  - spring.jpa.open-in-view is enabled by default. Therefore, database queries may be performed during view rendering. Explicitly configure spring.jpa.open-in-view to disable this warning
12-01-2023 01:40:12.999 [35m[restartedMain][0;39m [34mINFO [0;39m o.s.b.d.a.OptionalLiveReloadServer.startServer -  -  - LiveReload server is running on port 35729
12-01-2023 01:40:13.005 [35m[restartedMain][0;39m [34mINFO [0;39m o.a.coyote.http11.Http11NioProtocol.log -  -  - Starting ProtocolHandler ["http-nio-8091"]
12-01-2023 01:40:13.013 [35m[restartedMain][0;39m [34mINFO [0;39m o.s.b.w.e.tomcat.TomcatWebServer.start -  -  - Tomcat started on port(s): 8091 (http) with context path '/master'
12-01-2023 01:40:13.018 [35m[restartedMain][0;39m [34mINFO [0;39m c.m.n.work.master.MasterApplication.logStarted -  -  - Started MasterApplication in 2.855 seconds (process running for 3.079)
12-01-2023 01:40:28.504 [35m[http-nio-8091-exec-2][0;39m [34mINFO [0;39m o.a.c.c.C.[.[localhost].[/master].log -  -  - Initializing Spring DispatcherServlet 'dispatcherServlet'
12-01-2023 01:40:28.504 [35m[http-nio-8091-exec-2][0;39m [34mINFO [0;39m o.s.web.servlet.DispatcherServlet.initServletBean -  -  - Initializing Servlet 'dispatcherServlet'
12-01-2023 01:40:28.505 [35m[http-nio-8091-exec-2][0;39m [34mINFO [0;39m o.s.web.servlet.DispatcherServlet.initServletBean -  -  - Completed initialization in 1 ms
12-01-2023 02:20:08.413 [35m[HikariPool-1 housekeeper][0;39m [31mWARN [0;39m com.zaxxer.hikari.pool.HikariPool.run -  -  - HikariPool-1 - Thread starvation or clock leap detected (housekeeper delta=21m56s580ms).
12-01-2023 03:42:57.633 [35m[HikariPool-1 housekeeper][0;39m [31mWARN [0;39m com.zaxxer.hikari.pool.HikariPool.run -  -  - HikariPool-1 - Thread starvation or clock leap detected (housekeeper delta=1h22m49s221ms).
12-01-2023 04:16:33.862 [35m[HikariPool-1 housekeeper][0;39m [31mWARN [0;39m com.zaxxer.hikari.pool.HikariPool.run -  -  - HikariPool-1 - Thread starvation or clock leap detected (housekeeper delta=33m36s229ms).
12-01-2023 05:04:25.247 [35m[HikariPool-1 housekeeper][0;39m [31mWARN [0;39m com.zaxxer.hikari.pool.HikariPool.run -  -  - HikariPool-1 - Thread starvation or clock leap detected (housekeeper delta=47m51s385ms).
12-01-2023 06:07:02.079 [35m[HikariPool-1 housekeeper][0;39m [31mWARN [0;39m com.zaxxer.hikari.pool.HikariPool.run -  -  - HikariPool-1 - Thread starvation or clock leap detected (housekeeper delta=1h2m36s832ms).
12-01-2023 07:00:07.251 [35m[HikariPool-1 housekeeper][0;39m [31mWARN [0;39m com.zaxxer.hikari.pool.HikariPool.run -  -  - HikariPool-1 - Thread starvation or clock leap detected (housekeeper delta=53m5s172ms).
12-01-2023 07:57:17.331 [35m[HikariPool-1 housekeeper][0;39m [31mWARN [0;39m com.zaxxer.hikari.pool.HikariPool.run -  -  - HikariPool-1 - Thread starvation or clock leap detected (housekeeper delta=57m10s80ms).
12-01-2023 09:02:11.093 [35m[HikariPool-1 housekeeper][0;39m [31mWARN [0;39m com.zaxxer.hikari.pool.HikariPool.run -  -  - HikariPool-1 - Thread starvation or clock leap detected (housekeeper delta=1h4m53s762ms).
12-01-2023 10:09:51.236 [35m[HikariPool-1 housekeeper][0;39m [31mWARN [0;39m com.zaxxer.hikari.pool.HikariPool.run -  -  - HikariPool-1 - Thread starvation or clock leap detected (housekeeper delta=1h7m40s143ms).
12-01-2023 10:58:40.647 [35m[HikariPool-1 housekeeper][0;39m [31mWARN [0;39m com.zaxxer.hikari.pool.HikariPool.run -  -  - HikariPool-1 - Thread starvation or clock leap detected (housekeeper delta=48m49s410ms).
12-01-2023 11:50:28.466 [35m[HikariPool-1 housekeeper][0;39m [31mWARN [0;39m com.zaxxer.hikari.pool.HikariPool.run -  -  - HikariPool-1 - Thread starvation or clock leap detected (housekeeper delta=9m17s339ms).
12-01-2023 11:51:37.507 [35m[HikariPool-1 housekeeper][0;39m [31mWARN [0;39m com.zaxxer.hikari.pool.HikariPool.run -  -  - HikariPool-1 - Thread starvation or clock leap detected (housekeeper delta=1m9s42ms).
12-01-2023 12:33:26.714 [35m[HikariPool-1 housekeeper][0;39m [31mWARN [0;39m com.zaxxer.hikari.pool.HikariPool.run -  -  - HikariPool-1 - Thread starvation or clock leap detected (housekeeper delta=5m48s933ms).
12-01-2023 13:52:40.525 [35m[HikariPool-1 housekeeper][0;39m [31mWARN [0;39m com.zaxxer.hikari.pool.HikariPool.run -  -  - HikariPool-1 - Thread starvation or clock leap detected (housekeeper delta=32m13s434ms).
12-01-2023 13:53:44.238 [35m[HikariPool-1 housekeeper][0;39m [31mWARN [0;39m com.zaxxer.hikari.pool.HikariPool.run -  -  - HikariPool-1 - Thread starvation or clock leap detected (housekeeper delta=1m3s713ms).
12-01-2023 14:06:36.032 [35m[HikariPool-1 housekeeper][0;39m [31mWARN [0;39m com.zaxxer.hikari.pool.HikariPool.run -  -  - HikariPool-1 - Thread starvation or clock leap detected (housekeeper delta=51s703ms).
12-01-2023 14:13:01.010 [35m[HikariPool-1 housekeeper][0;39m [31mWARN [0;39m com.zaxxer.hikari.pool.HikariPool.run -  -  - HikariPool-1 - Thread starvation or clock leap detected (housekeeper delta=6m24s979ms).
12-01-2023 14:31:56.938 [35m[HikariPool-1 housekeeper][0;39m [31mWARN [0;39m com.zaxxer.hikari.pool.HikariPool.run -  -  - HikariPool-1 - Thread starvation or clock leap detected (housekeeper delta=15m55s889ms).
12-01-2023 14:49:19.524 [35m[HikariPool-1 housekeeper][0;39m [31mWARN [0;39m com.zaxxer.hikari.pool.HikariPool.run -  -  - HikariPool-1 - Thread starvation or clock leap detected (housekeeper delta=17m22s586ms).
12-01-2023 14:51:51.041 [35m[HikariPool-1 housekeeper][0;39m [31mWARN [0;39m com.zaxxer.hikari.pool.HikariPool.run -  -  - HikariPool-1 - Thread starvation or clock leap detected (housekeeper delta=1m59s748ms).
12-01-2023 15:53:37.338 [35m[HikariPool-1 housekeeper][0;39m [31mWARN [0;39m com.zaxxer.hikari.pool.HikariPool.run -  -  - HikariPool-1 - Thread starvation or clock leap detected (housekeeper delta=4m15s882ms).
12-01-2023 16:20:10.067 [35m[HikariPool-1 housekeeper][0;39m [31mWARN [0;39m com.zaxxer.hikari.pool.HikariPool.run -  -  - HikariPool-1 - Thread starvation or clock leap detected (housekeeper delta=13m2s579ms).
12-01-2023 16:47:05.148 [35m[HikariPool-1 housekeeper][0;39m [31mWARN [0;39m com.zaxxer.hikari.pool.HikariPool.run -  -  - HikariPool-1 - Thread starvation or clock leap detected (housekeeper delta=54s928ms).
12-01-2023 16:52:39.128 [35m[HikariPool-1 housekeeper][0;39m [31mWARN [0;39m com.zaxxer.hikari.pool.HikariPool.run -  -  - HikariPool-1 - Thread starvation or clock leap detected (housekeeper delta=5m33s980ms).
12-01-2023 17:56:17.391 [35m[HikariPool-1 housekeeper][0;39m [31mWARN [0;39m com.zaxxer.hikari.pool.HikariPool.run -  -  - HikariPool-1 - Thread starvation or clock leap detected (housekeeper delta=1h3m38s263ms).
12-01-2023 19:01:50.578 [35m[HikariPool-1 housekeeper][0;39m [31mWARN [0;39m com.zaxxer.hikari.pool.HikariPool.run -  -  - HikariPool-1 - Thread starvation or clock leap detected (housekeeper delta=1h5m33s187ms).
12-01-2023 19:04:31.145 [35m[HikariPool-1 housekeeper][0;39m [31mWARN [0;39m com.zaxxer.hikari.pool.HikariPool.run -  -  - HikariPool-1 - Thread starvation or clock leap detected (housekeeper delta=2m40s567ms).
12-01-2023 19:20:02.064 [35m[HikariPool-1 housekeeper][0;39m [31mWARN [0;39m com.zaxxer.hikari.pool.HikariPool.run -  -  - HikariPool-1 - Thread starvation or clock leap detected (housekeeper delta=15m30s919ms).
12-01-2023 19:35:30.111 [35m[HikariPool-1 housekeeper][0;39m [31mWARN [0;39m com.zaxxer.hikari.pool.HikariPool.run -  -  - HikariPool-1 - Thread starvation or clock leap detected (housekeeper delta=15m28s47ms).
12-01-2023 20:07:11.170 [35m[HikariPool-1 housekeeper][0;39m [31mWARN [0;39m com.zaxxer.hikari.pool.HikariPool.run -  -  - HikariPool-1 - Thread starvation or clock leap detected (housekeeper delta=15m40s817ms).
12-01-2023 20:25:02.779 [35m[HikariPool-1 housekeeper][0;39m [31mWARN [0;39m com.zaxxer.hikari.pool.HikariPool.run -  -  - HikariPool-1 - Thread starvation or clock leap detected (housekeeper delta=17m21s614ms).
12-01-2023 20:41:44.871 [35m[HikariPool-1 housekeeper][0;39m [31mWARN [0;39m com.zaxxer.hikari.pool.HikariPool.run -  -  - HikariPool-1 - Thread starvation or clock leap detected (housekeeper delta=16m12s80ms).
12-01-2023 20:43:27.539 [35m[HikariPool-1 housekeeper][0;39m [31mWARN [0;39m com.zaxxer.hikari.pool.HikariPool.run -  -  - HikariPool-1 - Thread starvation or clock leap detected (housekeeper delta=1m42s667ms).
12-01-2023 21:22:55.619 [35m[HikariPool-1 housekeeper][0;39m [31mWARN [0;39m com.zaxxer.hikari.pool.HikariPool.run -  -  - HikariPool-1 - Thread starvation or clock leap detected (housekeeper delta=5m27s838ms).
12-01-2023 21:25:20.696 [35m[HikariPool-1 housekeeper][0;39m [31mWARN [0;39m com.zaxxer.hikari.pool.HikariPool.run -  -  - HikariPool-1 - Thread starvation or clock leap detected (housekeeper delta=2m25s78ms).
12-01-2023 21:30:47.682 [35m[HikariPool-1 housekeeper][0;39m [31mWARN [0;39m com.zaxxer.hikari.pool.HikariPool.run -  -  - HikariPool-1 - Thread starvation or clock leap detected (housekeeper delta=4m56s967ms).
12-01-2023 21:36:15.700 [35m[HikariPool-1 housekeeper][0;39m [31mWARN [0;39m com.zaxxer.hikari.pool.HikariPool.run -  -  - HikariPool-1 - Thread starvation or clock leap detected (housekeeper delta=5m28s18ms).
12-01-2023 21:42:13.757 [35m[HikariPool-1 housekeeper][0;39m [31mWARN [0;39m com.zaxxer.hikari.pool.HikariPool.run -  -  - HikariPool-1 - Thread starvation or clock leap detected (housekeeper delta=5m28s50ms).
12-01-2023 21:43:21.034 [35m[HikariPool-1 housekeeper][0;39m [31mWARN [0;39m com.zaxxer.hikari.pool.HikariPool.run -  -  - HikariPool-1 - Thread starvation or clock leap detected (housekeeper delta=1m7s277ms).
12-01-2023 22:15:13.776 [35m[HikariPool-1 housekeeper][0;39m [31mWARN [0;39m com.zaxxer.hikari.pool.HikariPool.run -  -  - HikariPool-1 - Thread starvation or clock leap detected (housekeeper delta=31m52s742ms).
12-01-2023 22:31:38.656 [35m[HikariPool-1 housekeeper][0;39m [31mWARN [0;39m com.zaxxer.hikari.pool.HikariPool.run -  -  - HikariPool-1 - Thread starvation or clock leap detected (housekeeper delta=16m24s880ms).
12-01-2023 22:34:33.388 [35m[HikariPool-1 housekeeper][0;39m [31mWARN [0;39m com.zaxxer.hikari.pool.HikariPool.run -  -  - HikariPool-1 - Thread starvation or clock leap detected (housekeeper delta=1m54s726ms).
12-01-2023 22:56:31.110 [35m[HikariPool-1 housekeeper][0;39m [31mWARN [0;39m com.zaxxer.hikari.pool.HikariPool.run -  -  - HikariPool-1 - Thread starvation or clock leap detected (housekeeper delta=6m27s605ms).
12-01-2023 23:05:15.542 [35m[HikariPool-1 housekeeper][0;39m [31mWARN [0;39m com.zaxxer.hikari.pool.HikariPool.run -  -  - HikariPool-1 - Thread starvation or clock leap detected (housekeeper delta=7m14s408ms).
